# Octopus parser started
ExperimentalFeatures = 1
Debug = 0		# default
DebugTrapSignals = 0		# default
Walltime = 0		# default
RestartWriteTime = 5		# default
ReportMemory = 0		# default
CalculationMode = 1
stdout = "-"		# default
stderr = "-"		# default
WorkDir = "."		# default
FlushMessages = 0		# default
ProfilingMode = 0		# default
DisableAccel = 1		# default
FFTOptimize = 1		# default
FFTPreparePlan = 0		# default
FFTLibrary = 1		# default
NFFTGuruInterface = 0		# default
NFFTCutoff = 6		# default
NFFTOversampling = 2		# default
NFFTPrecompute = 16		# default
PNFFTCutoff = 6		# default
PNFFTOversampling = 2		# default
UnitsOutput = 1
UnitsXYZFiles = 1		# default
Dimensions = 3
PseudopotentialAutomaticParameters = 0		# default
PseudopotentialEnergyTolerance = 0.005		# default
PseudopotentialSet = 1		# default
Opened block 'Coordinates'
Coordinates[0][0] = "Na"
Coordinates[0][1] = 0
Coordinates[0][2] = 0
Coordinates[0][3] = -46.4211
Coordinates[0][4] = 1
Coordinates[1][0] = "Na"
Coordinates[1][1] = 0
Coordinates[1][2] = 0
Coordinates[1][3] = -40.9598
Coordinates[1][4] = 1
Coordinates[2][0] = "Na"
Coordinates[2][1] = 0
Coordinates[2][2] = 0
Coordinates[2][3] = -35.4985
Coordinates[2][4] = 1
Coordinates[3][0] = "Na"
Coordinates[3][1] = 0
Coordinates[3][2] = 0
Coordinates[3][3] = -30.0372
Coordinates[3][4] = 1
Coordinates[4][0] = "Na"
Coordinates[4][1] = 0
Coordinates[4][2] = 0
Coordinates[4][3] = -24.5759
Coordinates[4][4] = 1
Coordinates[5][0] = "Na"
Coordinates[5][1] = 0
Coordinates[5][2] = 0
Coordinates[5][3] = -19.1146
Coordinates[5][4] = 1
Coordinates[6][0] = "Na"
Coordinates[6][1] = 0
Coordinates[6][2] = 0
Coordinates[6][3] = -13.6533
Coordinates[6][4] = 1
Coordinates[7][0] = "Na"
Coordinates[7][1] = 0
Coordinates[7][2] = 0
Coordinates[7][3] = -8.19196
Coordinates[7][4] = 1
Coordinates[8][0] = "Na"
Coordinates[8][1] = 0
Coordinates[8][2] = 0
Coordinates[8][3] = -2.73065
Coordinates[8][4] = 1
Coordinates[9][0] = "Na"
Coordinates[9][1] = 0
Coordinates[9][2] = 0
Coordinates[9][3] = 2.73065
Coordinates[9][4] = 1
Coordinates[10][0] = "Na"
Coordinates[10][1] = 0
Coordinates[10][2] = 0
Coordinates[10][3] = 8.19196
Coordinates[10][4] = 1
Coordinates[11][0] = "Na"
Coordinates[11][1] = 0
Coordinates[11][2] = 0
Coordinates[11][3] = 13.6533
Coordinates[11][4] = 1
Coordinates[12][0] = "Na"
Coordinates[12][1] = 0
Coordinates[12][2] = 0
Coordinates[12][3] = 19.1146
Coordinates[12][4] = 1
Coordinates[13][0] = "Na"
Coordinates[13][1] = 0
Coordinates[13][2] = 0
Coordinates[13][3] = 24.5759
Coordinates[13][4] = 1
Coordinates[14][0] = "Na"
Coordinates[14][1] = 0
Coordinates[14][2] = 0
Coordinates[14][3] = 30.0372
Coordinates[14][4] = 1
Coordinates[15][0] = "Na"
Coordinates[15][1] = 0
Coordinates[15][2] = 0
Coordinates[15][3] = 35.4985
Coordinates[15][4] = 1
Coordinates[16][0] = "Na"
Coordinates[16][1] = 0
Coordinates[16][2] = 0
Coordinates[16][3] = 40.9598
Coordinates[16][4] = 1
Coordinates[17][0] = "Na"
Coordinates[17][1] = 0
Coordinates[17][2] = 0
Coordinates[17][3] = 46.4211
Coordinates[17][4] = 1
Closed block 'Coordinates'
SpinComponents = 1		# default
SpeciesProjectorSphereThreshold = 0.001		# default
SpeciesTimeDependent = 0		# default
PeriodicDimensions = 0
BoxShape = 3
radius = 15.1178
SymmetriesCompute = 1		# default
KPointsUseSymmetries = 0		# default
KPointsUseTimeReversal = 0		# default
SpinComponents = 1		# default
ExcessCharge = 0
CalcEigenvalues = 1		# default
TotalStates = 0		# default
ExtraStates = 0
ExtraStatesToConverge = 0		# default
StatesBlockSize = 4		# default
OnlyUserDefinedInitialStates = 0		# default
StatesRandomization = 1		# default
RestartFixedOccupations = 0		# default
SmearingFunction = 1
NParticleModelmb = 0		# default
SymmetrizeDensity = 0		# default
ForceComplex = 0		# default
UseFineMesh = 0		# default
Spacing = 0.944863
CurvMethod = 1		# default
RootSolver = 3		# default
RootSolverMaxIter = 500		# default
RootSolverRelTolerance = 1e-10		# default
RootSolverAbsTolerance = 1e-10		# default
RootSolverHavePolynomial = 0		# default
RootSolverWSRadius = 1		# default
DerivativesStencil = 1		# default
DerivativesOrder = 4		# default
DoubleGrid = 0		# default
DoubleGridOrder = 9		# default
ReorderRanks = 0		# default
ParDomains = -1		# default
ParStates = 0		# default
ParKPoints = -1		# default
ParOther = 0		# default
MeshOrder = 1		# default
OperateDouble = 1		# default
OperateComplex = 1		# default
OperateSingle = 0		# default
OperateComplexSingle = 0		# default
NLOperatorCompactBoundaries = 0		# default
Output = 0		# default
OutputLDA_U = 0		# default
OutputInterval = 50		# default
OutputDuringSCF = 0		# default
RestartWriteInterval = 50		# default
Output_KPT = 0		# default
OutputIterDir = "output_iter"		# default
StatesPack = 1		# default
StatesOrthogonalization = 1		# default
StatesCLDeviceMemory = -512		# default
ELFWithCurrentTerm = 1		# default
XCFunctional = 10001
XCKernel = 10001		# default
XCKernelLRCAlpha = 0		# default
XCDensityCorrection = 0		# default
ParallelXC = 1		# default
TheoryLevel = 4		# default
SICCorrection = 1		# default
CurrentDensity = 2		# default
VDWCorrection = 0		# default
ParticleMass = 1		# default
RashbaSpinOrbitCoupling = 0		# default
DressedOrbitals = 0		# default
PoissonSolver = 8		# default
FilterPotentials = 2		# default
TDDeltaKickTime = 0		# default
TDDeltaStrength = 0.05
TDDeltaStrengthMode = 0		# default
TDPolarizationEquivAxes = 0		# default
TDPolarizationDirection = 3
GyromagneticRatio = 2.00232		# default
RelativisticCorrection = 0		# default
IgnoreExternalIons = 0		# default
ForceTotalEnforce = 0		# default
EwaldAlpha = 0.21		# default
GaugeFieldDynamics = 1		# default
GaugeFieldPropagate = 0		# default
GaugeFieldDelay = 0		# default
CalculateSelfInducedMagneticField = 0		# default
AbsorbingBoundaries = 1
ABWidth = 0.211671
DFTULevel = 0		# default
HamiltonianApplyPacked = 1		# default
PCMCalculation = 0		# default
scdm_EXX = 0		# default
TimeZero = 0		# default
FromScratch = 1
MaximumIter = 10000
ConvEnergy = 0		# default
ConvAbsDens = 0		# default
ConvRelDens = 1e-07
ConvAbsEv = 0		# default
ConvRelEv = 0		# default
ConvForce = 0		# default
ConvEigenError = 0		# default
MixField = 1		# default
MixingScheme = 2
MixingPreconditioner = 0		# default
Mixing = 0.05
MixingResidual = 0.05		# default
MixNumberSteps = 6
MixInterval = 1		# default
Eigensolver = 5		# default
CGOrthogonalizeAll = 0		# default
CGDirection = 1		# default
CGAdditionalTerms = 0		# default
CGEnergyChangeThreshold = 0.1		# default
EigensolverTolerance = 1e-07		# default
EigensolverMaxIter = 25		# default
Preconditioner = 1		# default
PreconditionerFilterFactor = 0.5		# default
SubspaceDiagonalization = 1		# default
EigensolverSkipKpoints = 0		# default
SCFinLCAO = 0		# default
SCFCalculateForces = 1		# default
SCFCalculateStress = 0		# default
SCFCalculateDipole = 1		# default
SCFCalculatePartialCharges = 0		# default
LocalMagneticMomentsSphereRadius = 2.73065		# default
LCAOStart = 3
LCAOAlternative = 0		# default
LCAOScaleFactor = 1		# default
LCAOMaximumOrbitalRadius = 20		# default
LCAODimension = 0		# default
RestartWrite = 1		# default
# Octopus parser ended
